0 info it worked if it ends with ok
1 verbose cli [ '/usr/bin/nodejs', '/usr/bin/npm', 'run-script', 'release' ]
2 info using npm@3.5.2
3 info using node@v4.2.6
4 verbose run-script [ 'prerelease', 'release', 'postrelease' ]
5 info lifecycle webvowl@1.1.2~prerelease: webvowl@1.1.2
6 silly lifecycle webvowl@1.1.2~prerelease: no script for prerelease, continuing
7 info lifecycle webvowl@1.1.2~release: webvowl@1.1.2
8 verbose lifecycle webvowl@1.1.2~release: unsafe-perm in lifecycle true
9 verbose lifecycle webvowl@1.1.2~release: PATH: /usr/share/npm/bin/node-gyp-bin:/home/harish/Documents/Ontology/OntologyDeterminer/Ontology-Determiner/SSAD22/src/WebVOWL/node_modules/.bin:/home/harish/bin:/home/harish/.local/bin:/usr/local/sbin:/usr/local/bin:/usr/sbin:/usr/bin:/sbin:/bin:/usr/games:/usr/local/games:/snap/bin:/usr/lib/jvm/java-8-oracle/bin:/usr/lib/jvm/java-8-oracle/db/bin:/usr/lib/jvm/java-8-oracle/jre/bin
10 verbose lifecycle webvowl@1.1.2~release: CWD: /home/harish/Documents/Ontology/OntologyDeterminer/Ontology-Determiner/SSAD22/src/WebVOWL
11 silly lifecycle webvowl@1.1.2~release: Args: [ '-c', 'grunt release' ]
12 info lifecycle webvowl@1.1.2~release: Failed to exec release script
13 verbose stack Error: webvowl@1.1.2 release: `grunt release`
13 verbose stack spawn ENOENT
13 verbose stack     at ChildProcess.<anonymous> (/usr/share/npm/lib/utils/spawn.js:17:16)
13 verbose stack     at emitTwo (events.js:87:13)
13 verbose stack     at ChildProcess.emit (events.js:172:7)
13 verbose stack     at maybeClose (internal/child_process.js:821:16)
13 verbose stack     at Process.ChildProcess._handle.onexit (internal/child_process.js:211:5)
14 verbose pkgid webvowl@1.1.2
15 verbose cwd /home/harish/Documents/Ontology/OntologyDeterminer/Ontology-Determiner/SSAD22/src/WebVOWL
16 error Linux 4.15.0-47-generic
17 error argv "/usr/bin/nodejs" "/usr/bin/npm" "run-script" "release"
18 error node v4.2.6
19 error npm  v3.5.2
20 error file sh
21 error code ELIFECYCLE
22 error errno ENOENT
23 error syscall spawn
24 error webvowl@1.1.2 release: `grunt release`
24 error spawn ENOENT
25 error Failed at the webvowl@1.1.2 release script 'grunt release'.
25 error Make sure you have the latest version of node.js and npm installed.
25 error If you do, this is most likely a problem with the webvowl package,
25 error not with npm itself.
25 error Tell the author that this fails on your system:
25 error     grunt release
25 error You can get information on how to open an issue for this project with:
25 error     npm bugs webvowl
25 error Or if that isn't available, you can get their info via:
25 error     npm owner ls webvowl
25 error There is likely additional logging output above.
26 verbose exit [ 1, true ]
